\BOOKMARK [0][-]{chapter*.1}{Abstract}{}% 1
\BOOKMARK [0][-]{chapter*.2}{Attestation}{}% 2
\BOOKMARK [0][-]{chapter*.3}{Acknowledgements}{}% 3
\BOOKMARK [0][-]{chapter.1}{Introduction}{}% 4
\BOOKMARK [1][-]{section.1.1}{General Context and motivation}{chapter.1}% 5
\BOOKMARK [2][-]{subsection.1.1.1}{Counting the crowd.}{section.1.1}% 6
\BOOKMARK [2][-]{subsection.1.1.2}{Types of the crowd based on density}{section.1.1}% 7
\BOOKMARK [2][-]{subsection.1.1.3}{Detecting the motion in the frame}{section.1.1}% 8
\BOOKMARK [2][-]{subsection.1.1.4}{Identifying the types of motion}{section.1.1}% 9
\BOOKMARK [1][-]{section.1.2}{Aim and Objectives}{chapter.1}% 10
\BOOKMARK [1][-]{section.1.3}{Achievements}{chapter.1}% 11
\BOOKMARK [1][-]{section.1.4}{Overview of Dissertation}{chapter.1}% 12
\BOOKMARK [0][-]{chapter.2}{Background}{}% 13
\BOOKMARK [1][-]{section.2.1}{Optical Flow}{chapter.2}% 14
\BOOKMARK [2][-]{subsection.2.1.1}{Corner Detection}{section.2.1}% 15
\BOOKMARK [2][-]{subsection.2.1.2}{Lucas Kanade Algorithm}{section.2.1}% 16
\BOOKMARK [1][-]{section.2.2}{Convolutional Neural networks}{chapter.2}% 17
\BOOKMARK [2][-]{subsection.2.2.1}{Convolution Networks}{section.2.2}% 18
\BOOKMARK [2][-]{subsection.2.2.2}{Pooling}{section.2.2}% 19
\BOOKMARK [2][-]{subsection.2.2.3}{Fully Connected Layers}{section.2.2}% 20
\BOOKMARK [2][-]{subsection.2.2.4}{Notable CNN Architectures}{section.2.2}% 21
\BOOKMARK [0][-]{chapter.3}{State-of-the-Art}{}% 22
\BOOKMARK [0][-]{chapter.4}{Technical Chapters \(change this to something appropriate\)}{}% 23
\BOOKMARK [1][-]{section.4.1}{First Section}{chapter.4}% 24
\BOOKMARK [2][-]{subsection.4.1.1}{First Subsection}{section.4.1}% 25
\BOOKMARK [2][-]{subsection.4.1.2}{Second Subsection}{section.4.1}% 26
\BOOKMARK [1][-]{section.4.2}{Bulleted and Numbered Lists}{chapter.4}% 27
\BOOKMARK [1][-]{section.4.3}{Figures and Captions}{chapter.4}% 28
\BOOKMARK [1][-]{section.4.4}{Source Code}{chapter.4}% 29
\BOOKMARK [0][-]{chapter.5}{Results and Discussions}{}% 30
\BOOKMARK [1][-]{section.5.1}{Dataset}{chapter.5}% 31
\BOOKMARK [1][-]{section.5.2}{Experimental setup}{chapter.5}% 32
\BOOKMARK [1][-]{section.5.3}{Results}{chapter.5}% 33
\BOOKMARK [1][-]{section.5.4}{Discussions}{chapter.5}% 34
\BOOKMARK [0][-]{chapter.6}{Conclusions \046 Future Work}{}% 35
\BOOKMARK [1][-]{section.6.1}{Conclusions}{chapter.6}% 36
\BOOKMARK [1][-]{section.6.2}{Future Work}{chapter.6}% 37
\BOOKMARK [0][-]{chapter*.7}{Appendix 1}{}% 38
\BOOKMARK [0][-]{chapter*.8}{Appendix 2 \205 User guide}{}% 39
\BOOKMARK [0][-]{chapter*.9}{Appendix 3 \205 Installation guide}{}% 40
