This is pdfTeX, Version 3.14159265-2.6-1.40.21 (TeX Live 2020) (preloaded format=pdflatex 2020.7.3)  4 AUG 2020 02:20
entering extended mode
 restricted \write18 enabled.
 file:line:error style messages enabled.
 %&-line parsing enabled.
**reference.bib
(./reference.bib
LaTeX2e <2020-02-02> patch level 5
L3 programming layer <2020-06-18>

./reference.bib:4: LaTeX Error: Missing \begin{document}.

See the LaTeX manual or LaTeX Companion for explanation.
Type  H <return>  for immediate help.
 ...                                              
                                                  
l.4 @
     article{sreenu2019intelligent,
? 
./reference.bib:4: Emergency stop.
 ...                                              
                                                  
l.4 @
     article{sreenu2019intelligent,
You're in trouble here.  Try typing  <return>  to proceed.
If that doesn't work, type  X <return>  to quit.

 
Here is how much of TeX's memory you used:
 18 strings out of 480471
 527 string characters out of 5899411
 239272 words of memory out of 5000000
 16149 multiletter control sequences out of 15000+600000
 532338 words of font info for 24 fonts, out of 8000000 for 9000
 1141 hyphenation exceptions out of 8191
 12i,0n,15p,69b,14s stack positions out of 5000i,500n,10000p,200000b,80000s
./reference.bib:4:  ==> Fatal error occurred, no output PDF file produced!
